Hibernate: 
    insert 
    into
        users
        (email, forgot_password_expiry_date, number, password, session_expiry_date, session_id, session_token, status, token, used, user_type, username, id) 
    values
        (?, ?, ?, ?, ?, ?, ?, ?, ?, ?, ?, ?, ?)
Hibernate: 
    select
        user0_.id as id1_14_,
        user0_.email as email2_14_,
        user0_.forgot_password_expiry_date as forgot_p3_14_,
        user0_.number as number4_14_,
        user0_.password as password5_14_,
        user0_.session_expiry_date as session_6_14_,
        user0_.session_id as session_7_14_,
        user0_.session_token as session_8_14_,
        user0_.status as status9_14_,
        user0_.token as token10_14_,
        user0_.used as used11_14_,
        user0_.user_type as user_ty12_14_,
        user0_.username as usernam13_14_ 
    from
        users user0_ 
    where
        user0_.session_id=? limit ?
Hibernate: 
    select
        admin0_.id as id1_0_0_,
        user1_.id as id1_14_1_,
        admin0_.type as type2_0_0_,
        user1_.email as email2_14_1_,
        user1_.forgot_password_expiry_date as forgot_p3_14_1_,
        user1_.number as number4_14_1_,
        user1_.password as password5_14_1_,
        user1_.session_expiry_date as session_6_14_1_,
        user1_.session_id as session_7_14_1_,
        user1_.session_token as session_8_14_1_,
        user1_.status as status9_14_1_,
        user1_.token as token10_14_1_,
        user1_.used as used11_14_1_,
        user1_.user_type as user_ty12_14_1_,
        user1_.username as usernam13_14_1_ 
    from
        admin admin0_ 
    left outer join
        users user1_ 
            on admin0_.id=user1_.id 
    where
        admin0_.id=?
connection opened
Hibernate: 
    select
        admin0_.id as id1_0_0_,
        user1_.id as id1_14_1_,
        admin0_.type as type2_0_0_,
        user1_.email as email2_14_1_,
        user1_.forgot_password_expiry_date as forgot_p3_14_1_,
        user1_.number as number4_14_1_,
        user1_.password as password5_14_1_,
        user1_.session_expiry_date as session_6_14_1_,
        user1_.session_id as session_7_14_1_,
        user1_.session_token as session_8_14_1_,
        user1_.status as status9_14_1_,
        user1_.token as token10_14_1_,
        user1_.used as used11_14_1_,
        user1_.user_type as user_ty12_14_1_,
        user1_.username as usernam13_14_1_ 
    from
        admin admin0_ 
    left outer join
        users user1_ 
            on admin0_.id=user1_.id 
    where
        admin0_.id=?
Hibernate: 
    select
        admin0_.id as id1_0_0_,
        user1_.id as id1_14_1_,
        admin0_.type as type2_0_0_,
        user1_.email as email2_14_1_,
        user1_.forgot_password_expiry_date as forgot_p3_14_1_,
        user1_.number as number4_14_1_,
        user1_.password as password5_14_1_,
        user1_.session_expiry_date as session_6_14_1_,
        user1_.session_id as session_7_14_1_,
        user1_.session_token as session_8_14_1_,
        user1_.status as status9_14_1_,
        user1_.token as token10_14_1_,
        user1_.used as used11_14_1_,
        user1_.user_type as user_ty12_14_1_,
        user1_.username as usernam13_14_1_ 
    from
        admin admin0_ 
    left outer join
        users user1_ 
            on admin0_.id=user1_.id 
    where
        admin0_.id=?
connection opened
Hibernate: 
    select
        department0_.id as id1_5_,
        department0_.hod_teacher_fid as hod_teac3_5_,
        department0_.name as name2_5_ 
    from
        department department0_ 
    order by
        department0_.name asc
Hibernate: 
    select
        department0_.id as id1_5_,
        department0_.hod_teacher_fid as hod_teac3_5_,
        department0_.name as name2_5_ 
    from
        department department0_ 
    where
        1=1 
    order by
        department0_.name asc limit ?
Hibernate: 
    select
        department0_.id as id1_5_,
        department0_.hod_teacher_fid as hod_teac3_5_,
        department0_.name as name2_5_ 
    from
        department department0_ 
    where
        lower(department0_.name) like ? 
    order by
        department0_.name asc limit ?
Hibernate: 
    select
        department0_.id as id1_5_,
        department0_.hod_teacher_fid as hod_teac3_5_,
        department0_.name as name2_5_ 
    from
        department department0_ 
    where
        1=1 
    order by
        department0_.name asc limit ?
Hibernate: 
    select
        department0_.id as id1_5_,
        department0_.hod_teacher_fid as hod_teac3_5_,
        department0_.name as name2_5_ 
    from
        department department0_ 
    where
        department0_.name>? 
    order by
        department0_.name asc limit ?
Hibernate: 
    select
        department0_.id as id1_5_,
        department0_.hod_teacher_fid as hod_teac3_5_,
        department0_.name as name2_5_ 
    from
        department department0_ 
    where
        1=1 
    order by
        department0_.name asc limit ?
Hibernate: 
    select
        department0_.id as id1_5_,
        department0_.hod_teacher_fid as hod_teac3_5_,
        department0_.name as name2_5_ 
    from
        department department0_ 
    where
        department0_.name>? 
    order by
        department0_.name asc limit ?
Hibernate: 
    select
        department0_.id as id1_5_,
        department0_.hod_teacher_fid as hod_teac3_5_,
        department0_.name as name2_5_ 
    from
        department department0_ 
    where
        1=1 
    order by
        department0_.name asc limit ?
Hibernate: 
    select
        department0_.id as id1_5_,
        department0_.hod_teacher_fid as hod_teac3_5_,
        department0_.name as name2_5_ 
    from
        department department0_ 
    where
        department0_.name>? 
    order by
        department0_.name asc limit ?
Hibernate: 
    select
        department0_.id as id1_5_,
        department0_.hod_teacher_fid as hod_teac3_5_,
        department0_.name as name2_5_ 
    from
        department department0_ 
    where
        1=1 
    order by
        department0_.name asc limit ?
Hibernate: 
    select
        department0_.id as id1_5_,
        department0_.hod_teacher_fid as hod_teac3_5_,
        department0_.name as name2_5_ 
    from
        department department0_ 
    where
        department0_.name>? 
    order by
        department0_.name asc limit ?
Hibernate: 
    select
        department0_.id as id1_5_,
        department0_.hod_teacher_fid as hod_teac3_5_,
        department0_.name as name2_5_ 
    from
        department department0_ 
    where
        1=1 
    order by
        department0_.name asc limit ?
Hibernate: 
    select
        nextval ('department_sequence')
Hibernate: 
    insert 
    into
        department
        (hod_teacher_fid, name, id) 
    values
        (?, ?, ?)
Hibernate: 
    select
        department0_.id as id1_5_,
        department0_.hod_teacher_fid as hod_teac3_5_,
        department0_.name as name2_5_ 
    from
        department department0_ 
    order by
        department0_.name asc
Hibernate: 
    select
        department0_.id as id1_5_,
        department0_.hod_teacher_fid as hod_teac3_5_,
        department0_.name as name2_5_ 
    from
        department department0_ 
    where
        1=1 
    order by
        department0_.name asc limit ?
Hibernate: 
    select
        nextval ('department_sequence')
Hibernate: 
    insert 
    into
        department
        (hod_teacher_fid, name, id) 
    values
        (?, ?, ?)
Hibernate: 
    select
        department0_.id as id1_5_,
        department0_.hod_teacher_fid as hod_teac3_5_,
        department0_.name as name2_5_ 
    from
        department department0_ 
    order by
        department0_.name asc
Hibernate: 
    select
        department0_.id as id1_5_,
        department0_.hod_teacher_fid as hod_teac3_5_,
        department0_.name as name2_5_ 
    from
        department department0_ 
    where
        1=1 
    order by
        department0_.name asc limit ?
Hibernate: 
    select
        nextval ('department_sequence')
Hibernate: 
    insert 
    into
        department
        (hod_teacher_fid, name, id) 
    values
        (?, ?, ?)
Hibernate: 
    select
        department0_.id as id1_5_,
        department0_.hod_teacher_fid as hod_teac3_5_,
        department0_.name as name2_5_ 
    from
        department department0_ 
    order by
        department0_.name asc
Hibernate: 
    select
        department0_.id as id1_5_,
        department0_.hod_teacher_fid as hod_teac3_5_,
        department0_.name as name2_5_ 
    from
        department department0_ 
    where
        1=1 
    order by
        department0_.name asc limit ?
Hibernate: 
    select
        nextval ('department_sequence')
Hibernate: 
    insert 
    into
        department
        (hod_teacher_fid, name, id) 
    values
        (?, ?, ?)
Hibernate: 
    select
        department0_.id as id1_5_,
        department0_.hod_teacher_fid as hod_teac3_5_,
        department0_.name as name2_5_ 
    from
        department department0_ 
    order by
        department0_.name asc
Hibernate: 
    select
        department0_.id as id1_5_,
        department0_.hod_teacher_fid as hod_teac3_5_,
        department0_.name as name2_5_ 
    from
        department department0_ 
    where
        1=1 
    order by
        department0_.name asc limit ?
Hibernate: 
    select
        nextval ('department_sequence')
Hibernate: 
    insert 
    into
        department
        (hod_teacher_fid, name, id) 
    values
        (?, ?, ?)
Hibernate: 
    select
        department0_.id as id1_5_,
        department0_.hod_teacher_fid as hod_teac3_5_,
        department0_.name as name2_5_ 
    from
        department department0_ 
    order by
        department0_.name asc
Hibernate: 
    select
        department0_.id as id1_5_,
        department0_.hod_teacher_fid as hod_teac3_5_,
        department0_.name as name2_5_ 
    from
        department department0_ 
    where
        1=1 
    order by
        department0_.name asc limit ?
Hibernate: 
    select
        nextval ('department_sequence')
Hibernate: 
    insert 
    into
        department
        (hod_teacher_fid, name, id) 
    values
        (?, ?, ?)
Hibernate: 
    select
        department0_.id as id1_5_,
        department0_.hod_teacher_fid as hod_teac3_5_,
        department0_.name as name2_5_ 
    from
        department department0_ 
    order by
        department0_.name asc
Hibernate: 
    select
        department0_.id as id1_5_,
        department0_.hod_teacher_fid as hod_teac3_5_,
        department0_.name as name2_5_ 
    from
        department department0_ 
    where
        1=1 
    order by
        department0_.name asc limit ?
Hibernate: 
    select
        nextval ('department_sequence')
Hibernate: 
    insert 
    into
        department
        (hod_teacher_fid, name, id) 
    values
        (?, ?, ?)
Hibernate: 
    select
        department0_.id as id1_5_,
        department0_.hod_teacher_fid as hod_teac3_5_,
        department0_.name as name2_5_ 
    from
        department department0_ 
    order by
        department0_.name asc
Hibernate: 
    select
        department0_.id as id1_5_,
        department0_.hod_teacher_fid as hod_teac3_5_,
        department0_.name as name2_5_ 
    from
        department department0_ 
    where
        1=1 
    order by
        department0_.name asc limit ?
Hibernate: 
    select
        nextval ('department_sequence')
Hibernate: 
    insert 
    into
        department
        (hod_teacher_fid, name, id) 
    values
        (?, ?, ?)
Hibernate: 
    select
        department0_.id as id1_5_,
        department0_.hod_teacher_fid as hod_teac3_5_,
        department0_.name as name2_5_ 
    from
        department department0_ 
    order by
        department0_.name asc
Hibernate: 
    select
        department0_.id as id1_5_,
        department0_.hod_teacher_fid as hod_teac3_5_,
        department0_.name as name2_5_ 
    from
        department department0_ 
    where
        1=1 
    order by
        department0_.name asc limit ?
Hibernate: 
    select
        nextval ('department_sequence')
Hibernate: 
    insert 
    into
        department
        (hod_teacher_fid, name, id) 
    values
        (?, ?, ?)
Hibernate: 
    select
        department0_.id as id1_5_,
        department0_.hod_teacher_fid as hod_teac3_5_,
        department0_.name as name2_5_ 
    from
        department department0_ 
    order by
        department0_.name asc
Hibernate: 
    select
        department0_.id as id1_5_,
        department0_.hod_teacher_fid as hod_teac3_5_,
        department0_.name as name2_5_ 
    from
        department department0_ 
    where
        1=1 
    order by
        department0_.name asc limit ?
Hibernate: 
    select
        nextval ('department_sequence')
Hibernate: 
    insert 
    into
        department
        (hod_teacher_fid, name, id) 
    values
        (?, ?, ?)
Hibernate: 
    select
        department0_.id as id1_5_,
        department0_.hod_teacher_fid as hod_teac3_5_,
        department0_.name as name2_5_ 
    from
        department department0_ 
    order by
        department0_.name asc
Hibernate: 
    select
        department0_.id as id1_5_,
        department0_.hod_teacher_fid as hod_teac3_5_,
        department0_.name as name2_5_ 
    from
        department department0_ 
    where
        1=1 
    order by
        department0_.name asc limit ?
Hibernate: 
    select
        nextval ('department_sequence')
Hibernate: 
    insert 
    into
        department
        (hod_teacher_fid, name, id) 
    values
        (?, ?, ?)
Hibernate: 
    select
        department0_.id as id1_5_,
        department0_.hod_teacher_fid as hod_teac3_5_,
        department0_.name as name2_5_ 
    from
        department department0_ 
    order by
        department0_.name asc
Hibernate: 
    select
        department0_.id as id1_5_,
        department0_.hod_teacher_fid as hod_teac3_5_,
        department0_.name as name2_5_ 
    from
        department department0_ 
    where
        1=1 
    order by
        department0_.name asc limit ?
Hibernate: 
    select
        department0_.id as id1_5_,
        department0_.hod_teacher_fid as hod_teac3_5_,
        department0_.name as name2_5_ 
    from
        department department0_ 
    where
        lower(department0_.name) like ? 
    order by
        department0_.name asc limit ?
Hibernate: 
    select
        department0_.id as id1_5_,
        department0_.hod_teacher_fid as hod_teac3_5_,
        department0_.name as name2_5_ 
    from
        department department0_ 
    where
        lower(department0_.name) like ? 
    order by
        department0_.name asc limit ?
Hibernate: 
    select
        department0_.id as id1_5_,
        department0_.hod_teacher_fid as hod_teac3_5_,
        department0_.name as name2_5_ 
    from
        department department0_ 
    where
        lower(department0_.name) like ? 
    order by
        department0_.name asc limit ?
Hibernate: 
    select
        department0_.id as id1_5_,
        department0_.hod_teacher_fid as hod_teac3_5_,
        department0_.name as name2_5_ 
    from
        department department0_ 
    where
        department0_.name>? 
        and (
            lower(department0_.name) like ?
        ) 
    order by
        department0_.name asc limit ?
Hibernate: 
    select
        department0_.id as id1_5_,
        department0_.hod_teacher_fid as hod_teac3_5_,
        department0_.name as name2_5_ 
    from
        department department0_ 
    where
        lower(department0_.name) like ? 
    order by
        department0_.name asc limit ?
Hibernate: 
    select
        department0_.id as id1_5_,
        department0_.hod_teacher_fid as hod_teac3_5_,
        department0_.name as name2_5_ 
    from
        department department0_ 
    where
        department0_.name>? 
        and (
            lower(department0_.name) like ?
        ) 
    order by
        department0_.name asc limit ?
Hibernate: 
    select
        department0_.id as id1_5_,
        department0_.hod_teacher_fid as hod_teac3_5_,
        department0_.name as name2_5_ 
    from
        department department0_ 
    where
        lower(department0_.name) like ? 
    order by
        department0_.name asc limit ?
Hibernate: 
    select
        department0_.id as id1_5_,
        department0_.hod_teacher_fid as hod_teac3_5_,
        department0_.name as name2_5_ 
    from
        department department0_ 
    where
        lower(department0_.name) like ? 
    order by
        department0_.name asc limit ?
Hibernate: 
    select
        department0_.id as id1_5_,
        department0_.hod_teacher_fid as hod_teac3_5_,
        department0_.name as name2_5_ 
    from
        department department0_ 
    where
        lower(department0_.name) like ? 
    order by
        department0_.name asc limit ?
Hibernate: 
    select
        department0_.id as id1_5_,
        department0_.hod_teacher_fid as hod_teac3_5_,
        department0_.name as name2_5_ 
    from
        department department0_ 
    where
        1=1 
    order by
        department0_.name asc limit ?
Hibernate: 
    select
        department0_.id as id1_5_,
        department0_.hod_teacher_fid as hod_teac3_5_,
        department0_.name as name2_5_ 
    from
        department department0_ 
    where
        department0_.name>? 
    order by
        department0_.name asc limit ?
Hibernate: 
    select
        department0_.id as id1_5_,
        department0_.hod_teacher_fid as hod_teac3_5_,
        department0_.name as name2_5_ 
    from
        department department0_ 
    where
        department0_.name>? 
    order by
        department0_.name asc limit ?
Hibernate: 
    select
        department0_.id as id1_5_,
        department0_.hod_teacher_fid as hod_teac3_5_,
        department0_.name as name2_5_ 
    from
        department department0_ 
    where
        department0_.name>? 
    order by
        department0_.name asc limit ?
Hibernate: 
    select
        department0_.id as id1_5_,
        department0_.hod_teacher_fid as hod_teac3_5_,
        department0_.name as name2_5_ 
    from
        department department0_ 
    where
        department0_.name>? 
    order by
        department0_.name asc limit ?
Hibernate: 
    select
        department0_.id as id1_5_,
        department0_.hod_teacher_fid as hod_teac3_5_,
        department0_.name as name2_5_ 
    from
        department department0_ 
    where
        department0_.name>? 
    order by
        department0_.name asc limit ?
Hibernate: 
    select
        department0_.id as id1_5_,
        department0_.hod_teacher_fid as hod_teac3_5_,
        department0_.name as name2_5_ 
    from
        department department0_ 
    where
        1=1 
    order by
        department0_.name asc limit ?
Hibernate: 
    select
        department0_.id as id1_5_,
        department0_.hod_teacher_fid as hod_teac3_5_,
        department0_.name as name2_5_ 
    from
        department department0_ 
    where
        department0_.name>? 
    order by
        department0_.name asc limit ?
Hibernate: 
    select
        department0_.id as id1_5_,
        department0_.hod_teacher_fid as hod_teac3_5_,
        department0_.name as name2_5_ 
    from
        department department0_ 
    where
        department0_.name>? 
    order by
        department0_.name asc limit ?
Hibernate: 
    select
        department0_.id as id1_5_,
        department0_.hod_teacher_fid as hod_teac3_5_,
        department0_.name as name2_5_ 
    from
        department department0_ 
    where
        department0_.name>? 
    order by
        department0_.name asc limit ?
Hibernate: 
    select
        department0_.id as id1_5_,
        department0_.hod_teacher_fid as hod_teac3_5_,
        department0_.name as name2_5_ 
    from
        department department0_ 
    where
        department0_.name>? 
    order by
        department0_.name asc limit ?
Hibernate: 
    select
        department0_.id as id1_5_,
        department0_.hod_teacher_fid as hod_teac3_5_,
        department0_.name as name2_5_ 
    from
        department department0_ 
    where
        department0_.name>? 
    order by
        department0_.name asc limit ?
Hibernate: 
    select
        department0_.id as id1_5_,
        department0_.hod_teacher_fid as hod_teac3_5_,
        department0_.name as name2_5_ 
    from
        department department0_ 
    where
        1=1 
    order by
        department0_.name asc limit ?
Hibernate: 
    select
        department0_.id as id1_5_,
        department0_.hod_teacher_fid as hod_teac3_5_,
        department0_.name as name2_5_ 
    from
        department department0_ 
    where
        department0_.name>? 
    order by
        department0_.name asc limit ?
Hibernate: 
    select
        department0_.id as id1_5_,
        department0_.hod_teacher_fid as hod_teac3_5_,
        department0_.name as name2_5_ 
    from
        department department0_ 
    where
        department0_.name>? 
    order by
        department0_.name asc limit ?
Hibernate: 
    select
        department0_.id as id1_5_,
        department0_.hod_teacher_fid as hod_teac3_5_,
        department0_.name as name2_5_ 
    from
        department department0_ 
    where
        department0_.name>? 
    order by
        department0_.name asc limit ?
Hibernate: 
    select
        department0_.id as id1_5_,
        department0_.hod_teacher_fid as hod_teac3_5_,
        department0_.name as name2_5_ 
    from
        department department0_ 
    where
        1=1 
    order by
        department0_.name asc limit ?
Hibernate: 
    select
        department0_.id as id1_5_,
        department0_.hod_teacher_fid as hod_teac3_5_,
        department0_.name as name2_5_ 
    from
        department department0_ 
    where
        department0_.name>? 
    order by
        department0_.name asc limit ?
Hibernate: 
    select
        department0_.id as id1_5_,
        department0_.hod_teacher_fid as hod_teac3_5_,
        department0_.name as name2_5_ 
    from
        department department0_ 
    where
        department0_.name>? 
    order by
        department0_.name asc limit ?
decrement error session context
ogExceptions
ERROR: The connection attempt failed.
